<?xml version="1.0" encoding="UTF-8"?>
<!-- Generated by org.testng.reporters.JUnitReportReporter -->
<testsuite hostname="DESKTOP-MCNBSPV" failures="0" tests="2" name="Working_With_Assertions.Working_with_Cross_Browser_Test" time="214.003" errors="1" timestamp="2022-11-25T18:07:01 IST" skipped="0">
  <testcase classname="Working_With_Assertions.Working_with_Cross_Browser_Test" name="crossBrowserDemo" time="139.578"/>
  <system-out/>
  <testcase classname="Working_With_Assertions.Working_with_Cross_Browser_Test" name="crossBrowserDemo" time="74.425">
    <error message="chrome not reachable
Build info: version: &#039;3.7.1&#039;, revision: &#039;8a0099a&#039;, time: &#039;2017-11-06T21:07:36.161Z&#039;
System info: host: &#039;DESKTOP-MCNBSPV&#039;, ip: &#039;192.168.100.75&#039;, os.name: &#039;Windows 10&#039;, os.arch: &#039;amd64&#039;, os.version: &#039;10.0&#039;, java.version: &#039;18.0.1.1&#039;
Driver info: driver.version: ChromeDriver
remote stacktrace: Backtrace:
	Ordinal0 [0x00A11ED3+2236115]
	Ordinal0 [0x009A92F1+1807089]
	Ordinal0 [0x008B65C0+812480]
	Ordinal0 [0x008AC08A+770186]
	Ordinal0 [0x008D860E+951822]
	Ordinal0 [0x008D4200+934400]
	Ordinal0 [0x008D19C9+924105]
	Ordinal0 [0x0090806C+1146988]
	Ordinal0 [0x00907A6A+1145450]
	Ordinal0 [0x009018A6+1120422]
	Ordinal0 [0x008DA73D+960317]
	Ordinal0 [0x008DB71F+964383]
	GetHandleVerifier [0x00CBE7E2+2743074]
	GetHandleVerifier [0x00CB08D4+2685972]
	GetHandleVerifier [0x00AA2BAA+532202]
	GetHandleVerifier [0x00AA1990+527568]
	Ordinal0 [0x009B080C+1837068]
	Ordinal0 [0x009B4CD8+1854680]
	Ordinal0 [0x009B4DC5+1854917]
	Ordinal0 [0x009BED64+1895780]
	BaseThreadInitThunk [0x76EAFEF9+25]
	RtlGetAppContainerNamedObjectPath [0x77BD7BBE+286]
	RtlGetAppContainerNamedObjectPath [0x77BD7B8E+238]
" type="org.openqa.selenium.WebDriverException">
      <![CDATA[org.openqa.selenium.WebDriverException: chrome not reachable
Build info: version: '3.7.1', revision: '8a0099a', time: '2017-11-06T21:07:36.161Z'
System info: host: 'DESKTOP-MCNBSPV', ip: '192.168.100.75', os.name: 'Windows 10', os.arch: 'amd64', os.version: '10.0', java.version: '18.0.1.1'
Driver info: driver.version: ChromeDriver
remote stacktrace: Backtrace:
Ordinal0 [0x00A11ED3+2236115]
Ordinal0 [0x009A92F1+1807089]
Ordinal0 [0x008B65C0+812480]
Ordinal0 [0x008AC08A+770186]
Ordinal0 [0x008D860E+951822]
Ordinal0 [0x008D4200+934400]
Ordinal0 [0x008D19C9+924105]
Ordinal0 [0x0090806C+1146988]
Ordinal0 [0x00907A6A+1145450]
Ordinal0 [0x009018A6+1120422]
Ordinal0 [0x008DA73D+960317]
Ordinal0 [0x008DB71F+964383]
GetHandleVerifier [0x00CBE7E2+2743074]
GetHandleVerifier [0x00CB08D4+2685972]
GetHandleVerifier [0x00AA2BAA+532202]
GetHandleVerifier [0x00AA1990+527568]
Ordinal0 [0x009B080C+1837068]
Ordinal0 [0x009B4CD8+1854680]
Ordinal0 [0x009B4DC5+1854917]
Ordinal0 [0x009BED64+1895780]
BaseThreadInitThunk [0x76EAFEF9+25]
RtlGetAppContainerNamedObjectPath [0x77BD7BBE+286]
RtlGetAppContainerNamedObjectPath [0x77BD7B8E+238]

at java.base/jdk.internal.reflect.DirectConstructorHandleAccessor.newInstance(DirectConstructorHandleAccessor.java:67)
at java.base/java.lang.reflect.Constructor.newInstanceWithCaller(Constructor.java:499)
at java.base/java.lang.reflect.Constructor.newInstance(Constructor.java:483)
at org.openqa.selenium.remote.W3CHandshakeResponse.lambda$new$0(W3CHandshakeResponse.java:57)
at org.openqa.selenium.remote.W3CHandshakeResponse.lambda$getResponseFunction$2(W3CHandshakeResponse.java:104)
at org.openqa.selenium.remote.ProtocolHandshake.lambda$createSession$0(ProtocolHandshake.java:123)
at java.base/java.util.stream.ReferencePipeline$3$1.accept(ReferencePipeline.java:197)
at java.base/java.util.Spliterators$ArraySpliterator.tryAdvance(Spliterators.java:1002)
at java.base/java.util.stream.ReferencePipeline.forEachWithCancel(ReferencePipeline.java:129)
at java.base/java.util.stream.AbstractPipeline.copyIntoWithCancel(AbstractPipeline.java:527)
at java.base/java.util.stream.AbstractPipeline.copyInto(AbstractPipeline.java:513)
at java.base/java.util.stream.AbstractPipeline.wrapAndCopyInto(AbstractPipeline.java:499)
at java.base/java.util.stream.FindOps$FindOp.evaluateSequential(FindOps.java:150)
at java.base/java.util.stream.AbstractPipeline.evaluate(AbstractPipeline.java:234)
at java.base/java.util.stream.ReferencePipeline.findFirst(ReferencePipeline.java:647)
at org.openqa.selenium.remote.ProtocolHandshake.createSession(ProtocolHandshake.java:126)
at org.openqa.selenium.remote.ProtocolHandshake.createSession(ProtocolHandshake.java:73)
at org.openqa.selenium.remote.HttpCommandExecutor.execute(HttpCommandExecutor.java:142)
at org.openqa.selenium.remote.service.DriverCommandExecutor.execute(DriverCommandExecutor.java:83)
at org.openqa.selenium.remote.RemoteWebDriver.execute(RemoteWebDriver.java:600)
at org.openqa.selenium.remote.RemoteWebDriver.startSession(RemoteWebDriver.java:219)
at org.openqa.selenium.remote.RemoteWebDriver.<init>(RemoteWebDriver.java:142)
at org.openqa.selenium.chrome.ChromeDriver.<init>(ChromeDriver.java:181)
at org.openqa.selenium.chrome.ChromeDriver.<init>(ChromeDriver.java:168)
at org.openqa.selenium.chrome.ChromeDriver.<init>(ChromeDriver.java:123)
at Working_With_Assertions.Working_with_Cross_Browser_Test.crossBrowserDemo(Working_with_Cross_Browser_Test.java:22)
at java.base/jdk.internal.reflect.DirectMethodHandleAccessor.invoke(DirectMethodHandleAccessor.java:104)
at java.base/java.lang.reflect.Method.invoke(Method.java:577)
at org.testng.internal.MethodInvocationHelper.invokeMethod(MethodInvocationHelper.java:133)
at org.testng.internal.TestInvoker.invokeMethod(TestInvoker.java:598)
at org.testng.internal.TestInvoker.invokeTestMethod(TestInvoker.java:173)
at org.testng.internal.MethodRunner.runInSequence(MethodRunner.java:46)
at org.testng.internal.TestInvoker$MethodInvocationAgent.invoke(TestInvoker.java:824)
at org.testng.internal.TestInvoker.invokeTestMethods(TestInvoker.java:146)
at org.testng.internal.TestMethodWorker.invokeTestMethods(TestMethodWorker.java:146)
at org.testng.internal.TestMethodWorker.run(TestMethodWorker.java:128)
at java.base/java.util.ArrayList.forEach(ArrayList.java:1511)
at org.testng.TestRunner.privateRun(TestRunner.java:794)
at org.testng.TestRunner.run(TestRunner.java:596)
at org.testng.SuiteRunner.runTest(SuiteRunner.java:377)
at org.testng.SuiteRunner.access$000(SuiteRunner.java:28)
at org.testng.SuiteRunner$SuiteWorker.run(SuiteRunner.java:418)
at org.testng.internal.thread.ThreadUtil.lambda$execute$0(ThreadUtil.java:64)
at java.base/java.util.concurrent.FutureTask.run(FutureTask.java:264)
at java.base/java.util.concurrent.ThreadPoolExecutor.runWorker(ThreadPoolExecutor.java:1136)
at java.base/java.util.concurrent.ThreadPoolExecutor$Worker.run(ThreadPoolExecutor.java:635)
at java.base/java.lang.Thread.run(Thread.java:833)
]]>
    </error>
  </testcase> <!-- crossBrowserDemo -->
  <system-out/>
</testsuite> <!-- Working_With_Assertions.Working_with_Cross_Browser_Test -->
