<?xml version="1.0" encoding="UTF-8"?>
<!-- Generated by org.testng.reporters.JUnitXMLReporter -->
<testsuite ignored="0" hostname="DESKTOP-MCNBSPV" failures="1" tests="14" name="Test" time="309.913" errors="0" timestamp="2022-11-21T17:32:07 IST">
  <testcase classname="Update_TestCase.Action_Class" name="Computer" time="2.373"/>
  <testcase classname="Update_TestCase.ADD_To_cart" name="Test_case1" time="0.265"/>
  <testcase classname="Update_TestCase.Advances_search_pom" name="Advance_Test" time="4.351"/>
  <testcase classname="Update_TestCase.contact_DWS" name="contact" time="3.023"/>
  <testcase classname="Update_TestCase.Digital_HomePAge" name="homepage" time="13.75">
    <failure type="org.openqa.selenium.ElementNotInteractableException" message="element not interactable
  (Session info: chrome=107.0.5304.107)
Build info: version: &amp;apos;3.7.1&amp;apos;, revision: &amp;apos;8a0099a&amp;apos;, time: &amp;apos;2017-11-06T21:07:36.161Z&amp;apos;
System info: host: &amp;apos;DESKTOP-MCNBSPV&amp;apos;, ip: &amp;apos;10.10.60.100&amp;apos;, os.name: &amp;apos;Windows 10&amp;apos;, os.arch: &amp;apos;amd64&amp;apos;, os.version: &amp;apos;10.0&amp;apos;, java.version: &amp;apos;18.0.1.1&amp;apos;
Driver info: org.openqa.selenium.chrome.ChromeDriver
Capabilities {acceptInsecureCerts: false, browserName: chrome, browserVersion: 107.0.5304.107, chrome: {chromedriverVersion: 106.0.5249.61 (511755355844..., userDataDir: C:\Users\Admin\AppData\Loca...}, goog:chromeOptions: {debuggerAddress: localhost:51150}, javascriptEnabled: true, networkConnectionEnabled: false, pageLoadStrategy: normal, platform: WINDOWS, platformName: WINDOWS, proxy: Proxy(), setWindowRect: true, strictFileInteractability: false, timeouts: {implicit: 0, pageLoad: 300000, script: 30000}, unhandledPromptBehavior: dismiss and notify, webauthn:extension:credBlob: true, webauthn:extension:largeBlob: true, webauthn:virtualAuthenticators: true}
Session ID: 1204c5a78637ba340d8e2e1ae7366d5f">
      <![CDATA[org.openqa.selenium.ElementNotInteractableException: element not interactable
  (Session info: chrome=107.0.5304.107)
Build info: version: '3.7.1', revision: '8a0099a', time: '2017-11-06T21:07:36.161Z'
System info: host: 'DESKTOP-MCNBSPV', ip: '10.10.60.100', os.name: 'Windows 10', os.arch: 'amd64', os.version: '10.0', java.version: '18.0.1.1'
Driver info: org.openqa.selenium.chrome.ChromeDriver
Capabilities {acceptInsecureCerts: false, browserName: chrome, browserVersion: 107.0.5304.107, chrome: {chromedriverVersion: 106.0.5249.61 (511755355844..., userDataDir: C:\Users\Admin\AppData\Loca...}, goog:chromeOptions: {debuggerAddress: localhost:51150}, javascriptEnabled: true, networkConnectionEnabled: false, pageLoadStrategy: normal, platform: WINDOWS, platformName: WINDOWS, proxy: Proxy(), setWindowRect: true, strictFileInteractability: false, timeouts: {implicit: 0, pageLoad: 300000, script: 30000}, unhandledPromptBehavior: dismiss and notify, webauthn:extension:credBlob: true, webauthn:extension:largeBlob: true, webauthn:virtualAuthenticators: true}
Session ID: 1204c5a78637ba340d8e2e1ae7366d5f
at org.openqa.selenium.remote.http.W3CHttpResponseCodec.createException(W3CHttpResponseCodec.java:187)
at org.openqa.selenium.remote.http.W3CHttpResponseCodec.decode(W3CHttpResponseCodec.java:122)
at org.openqa.selenium.remote.http.W3CHttpResponseCodec.decode(W3CHttpResponseCodec.java:49)
at org.openqa.selenium.remote.HttpCommandExecutor.execute(HttpCommandExecutor.java:164)
at org.openqa.selenium.remote.service.DriverCommandExecutor.execute(DriverCommandExecutor.java:83)
at org.openqa.selenium.remote.RemoteWebDriver.execute(RemoteWebDriver.java:600)
at org.openqa.selenium.remote.RemoteWebElement.execute(RemoteWebElement.java:279)
at org.openqa.selenium.remote.RemoteWebElement.click(RemoteWebElement.java:83)
at org.openqa.selenium.support.pagefactory.internal.LocatingElementHandler.invoke(LocatingElementHandler.java:51)
at jdk.proxy2/jdk.proxy2.$Proxy11.click(Unknown Source)
at POM_Pages.Digital_homepage_01.DDD(Digital_homepage_01.java:35)
at Update_TestCase.Digital_HomePAge.homepage(Digital_HomePAge.java:16)
at java.base/java.util.ArrayList.forEach(ArrayList.java:1511)
... Removed 30 stack frames]]>
    </failure>
  </testcase> <!-- homepage -->
  <testcase classname="Update_TestCase.Gift_Card" name="Gift_card" time="9.277"/>
  <testcase classname="Update_TestCase.Jewelery_DWS" name="Jewelery" time="5.054"/>
  <testcase classname="Update_TestCase.Login_TEst_pom" name="Test_case" time="3.802"/>
  <testcase classname="Update_TestCase.Multiple_HAndles" name="T3est_case" time="0.459"/>
  <testcase classname="Update_TestCase.Newspapper_DWS" name="Newsletter" time="6.135"/>
  <testcase classname="Update_TestCase.Register_pom_java" name="Test_case1" time="11.094"/>
  <testcase classname="Update_TestCase.Search_pom" name="Test_case2" time="2.761"/>
  <testcase classname="Update_TestCase.Vote_pom" name="Test_case1" time="0.637"/>
  <testcase classname="Update_TestCase.Whishlist_DWS" name="WishlistTest" time="2.597"/>
</testsuite> <!-- Test -->
